<?xml version="1.0" encoding="UTF-8"?>
<!-- Generated by org.testng.reporters.JUnitReportReporter -->
<testsuite hostname="Shaurya" failures="0" tests="1" name="qa.test.AddToCartTest" time="27.059" errors="0" timestamp="2023-12-11T17:27:46 IST" skipped="0">
  <testcase classname="qa.test.AddToCartTest" name="ragisterUserTest" time="27.059"/>
</testsuite> <!-- qa.test.AddToCartTest -->
